First fit
Allocated blocks
0;0;99
3;700;899
Free blocks
100;699
900;999
Fragmentation
0.142857
Errors
D;10;1
D;11;0
Best fit
Allocated blocks
0;0;99
3;700;899
3;600;799
Free blocks
100;699
900;599
800;999
Fragmentation
-0.2
Errors
D;10;1
D;11;0
A;9;600
D;10;1
D;11;0
A;20;600
D;21;1
D;22;0
Worstfit
Allocated blocks
0;0;99
3;100;299
3;300;499
3;700;899
0;0;99
0;0;99
Free blocks
500;699
900;999
100;999
100;999
Fragmentation
0.571429
Errors
D;10;1
D;11;0
A;9;600
D;10;1
D;11;0
A;20;600
D;21;1
D;22;0
D;10;1
D;11;0
D;21;1
D;22;0
D;32;1
D;33;0
